<?xml version="1.0" encoding="UTF-8"?>
<!-- Generated by org.testng.reporters.JUnitReportReporter -->
<testsuite hostname="LAPTOP-PVTR99TT" failures="0" tests="1" name="seliniumautosignin.package01.Class01" time="6.347" errors="0" timestamp="2022-09-27T23:00:39 IST" skipped="0">
  <testcase classname="seliniumautosignin.package01.Class01" name="t_01_validate_signin" time="6.347"/>
  <system-out/>
</testsuite> <!-- seliniumautosignin.package01.Class01 -->
